<?xml version="1.0" encoding="UTF-8"?>
<!-- Generated by org.testng.reporters.JUnitReportReporter -->
<testsuite hostname="Virens-MacBook-Pro.local" failures="0" tests="1" name="tests.TC7UserMenuTest" time="17.516" errors="0" timestamp="2023-09-09T23:36:13 PDT" skipped="0">
  <testcase classname="tests.TC7UserMenuTest" name="UserDrpMenuTest1" time="17.516"/>
  <system-out/>
</testsuite> <!-- tests.TC7UserMenuTest -->
