<?xml version="1.0" encoding="UTF-8"?>
<!-- Generated by org.testng.reporters.JUnitReportReporter -->
<testsuite hostname="Virens-MacBook-Pro.local" failures="0" tests="1" name="tests.TC25ContactTest" time="23.355" errors="0" timestamp="2023-09-09T05:52:24 PDT" skipped="0">
  <testcase classname="tests.TC25ContactTest" name="LeadsTab" time="23.355"/>
  <system-out/>
</testsuite> <!-- tests.TC25ContactTest -->
