<?xml version="1.0" encoding="UTF-8"?>
<!-- Generated by org.testng.reporters.JUnitReportReporter -->
<testsuite hostname="Virens-MacBook-Pro.local" failures="0" tests="1" name="tests.TC23LeadTest" time="15.018" errors="0" timestamp="2023-09-08T16:50:42 PDT" skipped="0">
  <testcase classname="tests.TC23LeadTest" name="LeadsTab" time="15.018"/>
  <system-out/>
</testsuite> <!-- tests.TC23LeadTest -->
