<?xml version="1.0" encoding="UTF-8"?>
<!-- Generated by org.testng.reporters.JUnitReportReporter -->
<testsuite hostname="Virens-MacBook-Pro.local" failures="0" tests="1" name="tests.TC26ContactTest" time="27.405" errors="0" timestamp="2023-09-09T06:49:42 PDT" skipped="0">
  <testcase classname="tests.TC26ContactTest" name="LeadsTab" time="27.405"/>
  <system-out/>
</testsuite> <!-- tests.TC26ContactTest -->
