<?xml version="1.0" encoding="UTF-8"?>
<!-- Generated by org.testng.reporters.JUnitReportReporter -->
<testsuite hostname="Virens-MacBook-Pro.local" failures="0" tests="1" name="tests.TC24LeadTest" time="25.157" errors="0" timestamp="2023-09-09T05:12:13 PDT" skipped="0">
  <testcase classname="tests.TC24LeadTest" name="LeadsTab" time="25.157"/>
  <system-out/>
</testsuite> <!-- tests.TC24LeadTest -->
