<?xml version="1.0" encoding="UTF-8"?>
<!-- Generated by org.testng.reporters.JUnitReportReporter -->
<testsuite hostname="Virens-MacBook-Pro.local" failures="0" tests="1" name="tests.TC36RandomTest" time="30.106" errors="0" timestamp="2023-09-13T12:04:37 PDT" skipped="0">
  <testcase classname="tests.TC36RandomTest" name="LeadsTab" time="30.106"/>
  <system-out/>
</testsuite> <!-- tests.TC36RandomTest -->
