<?xml version="1.0" encoding="UTF-8"?>
<!-- Generated by org.testng.reporters.JUnitReportReporter -->
<testsuite hostname="Virens-MacBook-Pro.local" failures="0" tests="1" name="tests.TC34RandomTest" time="26.088" errors="0" timestamp="2023-09-12T12:39:24 PDT" skipped="0">
  <testcase classname="tests.TC34RandomTest" name="LeadsTab" time="26.088"/>
  <system-out/>
</testsuite> <!-- tests.TC34RandomTest -->
