<?xml version="1.0" encoding="UTF-8"?>
<!-- Generated by org.testng.reporters.JUnitReportReporter -->
<testsuite hostname="Virens-MacBook-Pro.local" failures="0" tests="2" name="tests.TC13CreateAccTest" time="14.479" errors="0" timestamp="2023-09-07T10:05:53 PDT" skipped="0">
  <testcase classname="tests.TC13CreateAccTest" name="MergeAcc" time="9.628"/>
  <system-out/>
  <testcase classname="tests.TC13CreateAccTest" name="AccountLink" time="4.851"/>
  <system-out/>
</testsuite> <!-- tests.TC13CreateAccTest -->
