<?xml version="1.0" encoding="UTF-8"?>
<!-- Generated by org.testng.reporters.JUnitReportReporter -->
<testsuite hostname="Virens-MacBook-Pro.local" failures="0" tests="1" name="tests.TC37RandomTest" time="32.388" errors="0" timestamp="2023-09-13T21:19:06 PDT" skipped="0">
  <testcase classname="tests.TC37RandomTest" name="LeadsTab" time="32.388"/>
  <system-out/>
</testsuite> <!-- tests.TC37RandomTest -->
