<?xml version="1.0" encoding="UTF-8"?>
<!-- Generated by org.testng.reporters.JUnitReportReporter -->
<testsuite hostname="Virens-MacBook-Pro.local" failures="0" tests="1" name="tests.TC17CreateOptyTest" time="17.780" errors="0" timestamp="2023-09-08T13:29:22 PDT" skipped="0">
  <testcase classname="tests.TC17CreateOptyTest" name="AccountLink" time="17.780"/>
  <system-out/>
</testsuite> <!-- tests.TC17CreateOptyTest -->
