<?xml version="1.0" encoding="UTF-8"?>
<!-- Generated by org.testng.reporters.JUnitReportReporter -->
<testsuite hostname="Virens-MacBook-Pro.local" failures="0" tests="1" name="tests.TC21LeatTest" time="11.648" errors="0" timestamp="2023-09-08T15:55:36 PDT" skipped="0">
  <testcase classname="tests.TC21LeatTest" name="LeadsTab" time="11.648"/>
  <system-out/>
</testsuite> <!-- tests.TC21LeatTest -->
