<?xml version="1.0" encoding="UTF-8"?>
<!-- Generated by org.testng.reporters.JUnitReportReporter -->
<testsuite hostname="Virens-MacBook-Pro.local" failures="0" tests="1" name="tests.TC32ContactTest" time="18.983" errors="0" timestamp="2023-09-12T11:21:27 PDT" skipped="0">
  <testcase classname="tests.TC32ContactTest" name="LeadsTab" time="18.983"/>
  <system-out/>
</testsuite> <!-- tests.TC32ContactTest -->
