<?xml version="1.0" encoding="UTF-8"?>
<!-- Generated by org.testng.reporters.JUnitReportReporter -->
<testsuite hostname="Virens-MacBook-Pro.local" failures="0" tests="2" name="tests.TC12CreateAccTest" time="15.103" errors="0" timestamp="2023-09-06T22:01:20 PDT" skipped="0">
  <testcase classname="tests.TC12CreateAccTest" name="AccountLink" time="3.833"/>
  <system-out/>
  <testcase classname="tests.TC12CreateAccTest" name="ViewName" time="11.270"/>
  <system-out/>
</testsuite> <!-- tests.TC12CreateAccTest -->
