<?xml version="1.0" encoding="UTF-8"?>
<!-- Generated by org.testng.reporters.JUnitReportReporter -->
<testsuite hostname="Virens-MacBook-Pro.local" failures="0" tests="1" name="tests.TC19CreateOptyTest" time="16.405" errors="0" timestamp="2023-09-08T15:17:23 PDT" skipped="0">
  <testcase classname="tests.TC19CreateOptyTest" name="AccountLink" time="16.405"/>
  <system-out/>
</testsuite> <!-- tests.TC19CreateOptyTest -->
