<?xml version="1.0" encoding="UTF-8"?>
<!-- Generated by org.testng.reporters.JUnitReportReporter -->
<testsuite hostname="Virens-MacBook-Pro.local" failures="0" tests="1" name="tests.TC16CreateOptyTest" time="17.915" errors="0" timestamp="2023-09-08T13:00:57 PDT" skipped="0">
  <testcase classname="tests.TC16CreateOptyTest" name="AccountLink" time="17.915"/>
  <system-out/>
</testsuite> <!-- tests.TC16CreateOptyTest -->
