<?xml version="1.0" encoding="UTF-8"?>
<!-- Generated by org.testng.reporters.JUnitReportReporter -->
<testsuite hostname="Virens-MacBook-Pro.local" failures="0" tests="1" name="demo.TestNG" time="0.019" errors="0" timestamp="2023-08-24T10:15:04 PDT" skipped="0">
  <testcase classname="demo.TestNG" name="printiTo5" time="0.019"/>
  <system-out/>
</testsuite> <!-- demo.TestNG -->
