<?xml version="1.0" encoding="UTF-8"?>
<!-- Generated by org.testng.reporters.JUnitReportReporter -->
<testsuite hostname="Virens-MacBook-Pro.local" failures="0" tests="1" name="tests.TC35RandomTest" time="15.681" errors="0" timestamp="2023-09-12T15:14:50 PDT" skipped="0">
  <testcase classname="tests.TC35RandomTest" name="LeadsTab" time="15.681"/>
  <system-out/>
</testsuite> <!-- tests.TC35RandomTest -->
