<?xml version="1.0" encoding="UTF-8"?>
<!-- Generated by org.testng.reporters.JUnitReportReporter -->
<testsuite hostname="Virens-MacBook-Pro.local" failures="0" tests="1" name="tests.TC30ContactTest" time="15.807" errors="0" timestamp="2023-09-09T16:15:15 PDT" skipped="0">
  <testcase classname="tests.TC30ContactTest" name="LeadsTab" time="15.807"/>
  <system-out/>
</testsuite> <!-- tests.TC30ContactTest -->
