<?xml version="1.0" encoding="UTF-8"?>
<!-- Generated by org.testng.reporters.JUnitReportReporter -->
<testsuite hostname="Virens-MacBook-Pro.local" failures="0" tests="1" name="tests.TC18CraeteOptyTest" time="14.013" errors="0" timestamp="2023-09-08T13:30:37 PDT" skipped="0">
  <testcase classname="tests.TC18CraeteOptyTest" name="AccountLink" time="14.013"/>
  <system-out/>
</testsuite> <!-- tests.TC18CraeteOptyTest -->
