<?xml version="1.0" encoding="UTF-8"?>
<!-- Generated by org.testng.reporters.JUnitReportReporter -->
<testsuite hostname="Virens-MacBook-Pro.local" failures="0" tests="1" name="tests.TC22LeadTest" time="51.980" errors="0" timestamp="2023-09-08T16:42:51 PDT" skipped="0">
  <testcase classname="tests.TC22LeadTest" name="LeadsTab" time="51.980"/>
  <system-out/>
</testsuite> <!-- tests.TC22LeadTest -->
