<?xml version="1.0" encoding="UTF-8"?>
<!-- Generated by org.testng.reporters.JUnitReportReporter -->
<testsuite hostname="Virens-MacBook-Pro.local" failures="0" tests="2" name="tests.TC11CreateAccTest" time="20.559" errors="0" timestamp="2023-09-06T17:18:03 PDT" skipped="0">
  <testcase classname="tests.TC11CreateAccTest" name="AccountLink" time="4.916"/>
  <system-out/>
  <testcase classname="tests.TC11CreateAccTest" name="NewAccView" time="15.643"/>
  <system-out/>
</testsuite> <!-- tests.TC11CreateAccTest -->
