<?xml version="1.0" encoding="UTF-8"?>
<!-- Generated by org.testng.reporters.JUnitReportReporter -->
<testsuite hostname="Virens-MacBook-Pro.local" failures="0" tests="4" name="tests.TC1LoginTest" time="66.438" errors="0" timestamp="2023-09-14T08:22:03 PDT" skipped="0">
  <testcase classname="tests.TC1LoginTest" name="loginTest1" time="24.292"/>
  <system-out/>
  <testcase classname="tests.TC1LoginTest" name="loginTest4B" time="25.603"/>
  <system-out/>
  <testcase classname="tests.TC1LoginTest" name="loginTest4A" time="8.238"/>
  <system-out/>
  <testcase classname="tests.TC1LoginTest" name="loginTest2" time="8.305"/>
  <system-out/>
</testsuite> <!-- tests.TC1LoginTest -->
