<?xml version="1.0" encoding="UTF-8"?>
<!-- Generated by org.testng.reporters.JUnitReportReporter -->
<testsuite hostname="Virens-MacBook-Pro.local" failures="0" tests="1" name="tests.TC29ContactTest" time="20.969" errors="0" timestamp="2023-09-09T15:39:07 PDT" skipped="0">
  <testcase classname="tests.TC29ContactTest" name="LeadsTab" time="20.969"/>
  <system-out/>
</testsuite> <!-- tests.TC29ContactTest -->
