<?xml version="1.0" encoding="UTF-8"?>
<!-- Generated by org.testng.reporters.JUnitReportReporter -->
<testsuite hostname="Virens-MacBook-Pro.local" failures="0" tests="1" name="tests.TC14CCreateAccTest" time="76.593" errors="0" timestamp="2023-09-07T16:32:37 PDT" skipped="0">
  <testcase classname="tests.TC14CCreateAccTest" name="AccountLink" time="76.593"/>
  <system-out/>
</testsuite> <!-- tests.TC14CCreateAccTest -->
