<?xml version="1.0" encoding="UTF-8"?>
<!-- Generated by org.testng.reporters.JUnitReportReporter -->
<testsuite hostname="Virens-MacBook-Pro.local" failures="0" tests="1" name="tests.TC27ContactTest" time="16.566" errors="0" timestamp="2023-09-09T15:22:04 PDT" skipped="0">
  <testcase classname="tests.TC27ContactTest" name="LeadsTab" time="16.566"/>
  <system-out/>
</testsuite> <!-- tests.TC27ContactTest -->
