<?xml version="1.0" encoding="UTF-8"?>
<!-- Generated by org.testng.reporters.JUnitReportReporter -->
<testsuite hostname="Virens-MacBook-Pro.local" failures="0" tests="1" name="pages.TC2UserMenu" time="28.445" errors="0" timestamp="2023-08-28T02:51:02 PDT" skipped="0">
  <testcase classname="pages.TC2UserMenu" name="loginTest2" time="28.445"/>
  <system-out/>
</testsuite> <!-- pages.TC2UserMenu -->
