<?xml version="1.0" encoding="UTF-8"?>
<!-- Generated by org.testng.reporters.JUnitReportReporter -->
<testsuite hostname="Virens-MacBook-Pro.local" failures="0" tests="1" name="tests.TC31ContactTest" time="20.118" errors="0" timestamp="2023-09-10T00:12:36 PDT" skipped="0">
  <testcase classname="tests.TC31ContactTest" name="LeadsTab" time="20.118"/>
  <system-out/>
</testsuite> <!-- tests.TC31ContactTest -->
