<?xml version="1.0" encoding="UTF-8"?>
<!-- Generated by org.testng.reporters.JUnitReportReporter -->
<testsuite hostname="Virens-MacBook-Pro.local" failures="0" tests="1" name="tests.TC2UserMenuNavTest" time="51.929" errors="0" timestamp="2023-09-12T11:20:39 PDT" skipped="0">
  <testcase classname="tests.TC2UserMenuNavTest" name="UserDrpMenuTest1" time="51.929"/>
  <system-out/>
</testsuite> <!-- tests.TC2UserMenuNavTest -->
