<?xml version="1.0" encoding="UTF-8"?>
<!-- Generated by org.testng.reporters.JUnitReportReporter -->
<testsuite hostname="Virens-MacBook-Pro.local" failures="0" tests="1" name="tests.TC20LeadTest" time="5.348" errors="0" timestamp="2023-09-08T15:28:25 PDT" skipped="0">
  <testcase classname="tests.TC20LeadTest" name="LeadsTab" time="5.348"/>
  <system-out/>
</testsuite> <!-- tests.TC20LeadTest -->
