<?xml version="1.0" encoding="UTF-8"?>
<!-- Generated by org.testng.reporters.JUnitReportReporter -->
<testsuite hostname="Virens-MacBook-Pro.local" failures="0" tests="1" name="tests.TC33RandomTest" time="20.975" errors="0" timestamp="2023-09-12T11:50:19 PDT" skipped="0">
  <testcase classname="tests.TC33RandomTest" name="LeadsTab" time="20.975"/>
  <system-out/>
</testsuite> <!-- tests.TC33RandomTest -->
