<?xml version="1.0" encoding="UTF-8"?>
<!-- Generated by org.testng.reporters.JUnitReportReporter -->
<testsuite hostname="Virens-MacBook-Pro.local" failures="0" tests="1" name="TestNGDemo" time="0.010" errors="0" timestamp="2023-08-26T23:47:22 PDT" skipped="0">
  <testcase classname="TestNGDemo" name="printiTo5" time="0.010"/>
  <system-out/>
</testsuite> <!-- TestNGDemo -->
