<?xml version="1.0" encoding="UTF-8"?>
<!-- Generated by org.testng.reporters.JUnitReportReporter -->
<testsuite hostname="Virens-MacBook-Pro.local" failures="0" tests="1" name="tests.TC1Login" time="54.386" errors="0" timestamp="2023-08-28T01:03:07 PDT" skipped="0">
  <testcase classname="tests.TC1Login" name="loginTest1" time="54.386"/>
  <system-out/>
</testsuite> <!-- tests.TC1Login -->
