<?xml version="1.0" encoding="UTF-8"?>
<!-- Generated by org.testng.reporters.JUnitReportReporter -->
<testsuite hostname="Virens-MacBook-Pro.local" failures="0" tests="2" name="tests.TC10CreateAccTest" time="14.304" errors="0" timestamp="2023-09-06T16:44:28 PDT" skipped="0">
  <testcase classname="tests.TC10CreateAccTest" name="NewAcc" time="9.682"/>
  <system-out/>
  <testcase classname="tests.TC10CreateAccTest" name="AccountLink" time="4.622"/>
  <system-out/>
</testsuite> <!-- tests.TC10CreateAccTest -->
