<?xml version="1.0" encoding="UTF-8"?>
<!-- Generated by org.testng.reporters.JUnitReportReporter -->
<testsuite hostname="Virens-MacBook-Pro.local" failures="0" tests="1" name="tests.TC15VreateOptyTest" time="7.509" errors="0" timestamp="2023-09-08T05:34:47 PDT" skipped="0">
  <testcase classname="tests.TC15VreateOptyTest" name="AccountLink" time="7.509"/>
  <system-out/>
</testsuite> <!-- tests.TC15VreateOptyTest -->
